<?xml version="1.0" encoding="UTF-8"?>
<!-- Generated by org.testng.reporters.JUnitReportReporter -->
<testsuite skipped="0" hostname="CDC2-D-CLMSXJ2" name="Casestudy.OnlineShoppingTest" tests="4" failures="0" timestamp="17 Jul 2019 10:29:42 GMT" time="25.480" errors="0">
  <testcase name="testRegistration" time="10.184" classname="Casestudy.OnlineShoppingTest"/>
  <testcase name="testLogin" time="0.777" classname="Casestudy.OnlineShoppingTest"/>
  <testcase name="testCart" time="2.669" classname="Casestudy.OnlineShoppingTest"/>
  <testcase name="testPayment" time="11.850" classname="Casestudy.OnlineShoppingTest"/>
</testsuite> <!-- Casestudy.OnlineShoppingTest -->
